<?xml version="1.0" encoding="UTF-8"?>
<!-- Generated by org.testng.reporters.JUnitReportReporter -->
<testsuite hostname="5CD15013FY" failures="0" tests="1" name="tests.ListingTests" time="13.389" errors="0" timestamp="2023-04-21T13:49:58 MSK" skipped="0">
  <testcase classname="tests.ListingTests" name="checkSortProducts" time="13.389"/>
  <system-out/>
</testsuite> <!-- tests.ListingTests -->
