<?xml version="1.0" encoding="UTF-8"?>
<!-- Generated by org.testng.reporters.JUnitReportReporter -->
<testsuite hostname="5CD15013FY" failures="0" tests="4" name="tests.HomeTests" time="40.034" errors="0" timestamp="2023-06-23T16:28:34 MSK" skipped="0">
  <testcase classname="tests.HomeTests" name="checkThatSliderDisplayed" time="5.222"/>
  <system-out/>
  <testcase classname="tests.HomeTests" name="checkHeaderButtonsActiveAndDisplayed" time="16.126"/>
  <system-out/>
  <testcase classname="tests.HomeTests" name="checkThatSearchInputDisplayed" time="6.128"/>
  <system-out/>
  <testcase classname="tests.HomeTests" name="checkThatCatalogButtonDisplayed" time="12.558"/>
  <system-out/>
</testsuite> <!-- tests.HomeTests -->
